{"/Users/inclet/Documents/Work/JavaDevs--mobile/javadevs/src/Assets/Images/developersd.png": {"path":"/Users/inclet/Documents/Work/JavaDevs--mobile/javadevs/src/Assets/Images/developersd.png","statementMap":{"0":{"start":{"line":1,"column":0},"end":{"line":4,"column":6}}},"fnMap":{},"branchMap":{},"s":{"0":1},"f":{},"b":{},"_coverageSchema":"43e27e138ebf9cfc5966b082cf9a028302ed4184","hash":"e4238f8a71bf8f1f98ec1cc4b111e77d61481e73"}
,"/Users/inclet/Documents/Work/JavaDevs--mobile/javadevs/src/Welcome Screen/index.js": {"path":"/Users/inclet/Documents/Work/JavaDevs--mobile/javadevs/src/Welcome Screen/index.js","statementMap":{"0":{"start":{"line":1,"column":42},"end":{"line":1,"column":97}},"1":{"start":{"line":1,"column":98},"end":{"line":1,"column":160}},"2":{"start":{"line":1,"column":160},"end":{"line":1,"column":185}},"3":{"start":{"line":1,"column":198},"end":{"line":1,"column":238}},"4":{"start":{"line":2,"column":19},"end":{"line":2,"column":86}},"5":{"start":{"line":3,"column":16},"end":{"line":3,"column":85}},"6":{"start":{"line":4,"column":35},"end":{"line":4,"column":76}},"7":{"start":{"line":8,"column":19},"end":{"line":8,"column":42}},"8":{"start":{"line":8,"column":62},"end":{"line":8,"column":146}},"9":{"start":{"line":10,"column":14},"end":{"line":43,"column":1}},"10":{"start":{"line":10,"column":55},"end":{"line":10,"column":70}},"11":{"start":{"line":11,"column":2},"end":{"line":38,"column":75}},"12":{"start":{"line":20,"column":35},"end":{"line":20,"column":73}},"13":{"start":{"line":33,"column":35},"end":{"line":33,"column":73}},"14":{"start":{"line":45,"column":0},"end":{"line":45,"column":7}},"15":{"start":{"line":45,"column":8},"end":{"line":45,"column":35}},"16":{"start":{"line":47,"column":13},"end":{"line":82,"column":25}}},"fnMap":{"0":{"name":"Welcome","decl":{"start":{"line":10,"column":23},"end":{"line":10,"column":30}},"loc":{"start":{"line":10,"column":37},"end":{"line":43,"column":1}},"line":10},"1":{"name":"onPress","decl":{"start":{"line":20,"column":24},"end":{"line":20,"column":31}},"loc":{"start":{"line":20,"column":34},"end":{"line":20,"column":74}},"line":20},"2":{"name":"onPress","decl":{"start":{"line":33,"column":24},"end":{"line":33,"column":31}},"loc":{"start":{"line":33,"column":34},"end":{"line":33,"column":74}},"line":33}},"branchMap":{},"s":{"0":1,"1":1,"2":1,"3":1,"4":1,"5":1,"6":1,"7":1,"8":1,"9":1,"10":3,"11":3,"12":1,"13":1,"14":1,"15":1,"16":1},"f":{"0":3,"1":1,"2":1},"b":{},"_coverageSchema":"43e27e138ebf9cfc5966b082cf9a028302ed4184","hash":"98a6a5c9c6eeccf90efce52f0a15105312a9a25e"}
}
