{"/Users/inclet/Documents/Work/javadevs--reactNative/src/Assets/Images/developersd.png": {"path":"/Users/inclet/Documents/Work/javadevs--reactNative/src/Assets/Images/developersd.png","statementMap":{"0":{"start":{"line":1,"column":0},"end":{"line":4,"column":6}}},"fnMap":{},"branchMap":{},"s":{"0":1},"f":{},"b":{},"_coverageSchema":"43e27e138ebf9cfc5966b082cf9a028302ed4184","hash":"577dee9adab18d2db84c96d3234eb53e4761528d"}
,"/Users/inclet/Documents/Work/javadevs--reactNative/src/Welcome Screen/index.js": {"path":"/Users/inclet/Documents/Work/javadevs--reactNative/src/Welcome Screen/index.js","statementMap":{"0":{"start":{"line":1,"column":42},"end":{"line":1,"column":97}},"1":{"start":{"line":1,"column":98},"end":{"line":1,"column":160}},"2":{"start":{"line":1,"column":160},"end":{"line":1,"column":185}},"3":{"start":{"line":1,"column":198},"end":{"line":1,"column":238}},"4":{"start":{"line":2,"column":19},"end":{"line":2,"column":86}},"5":{"start":{"line":3,"column":16},"end":{"line":3,"column":85}},"6":{"start":{"line":4,"column":35},"end":{"line":4,"column":76}},"7":{"start":{"line":8,"column":19},"end":{"line":8,"column":42}},"8":{"start":{"line":8,"column":62},"end":{"line":8,"column":142}},"9":{"start":{"line":10,"column":14},"end":{"line":44,"column":1}},"10":{"start":{"line":10,"column":55},"end":{"line":10,"column":70}},"11":{"start":{"line":11,"column":2},"end":{"line":39,"column":75}},"12":{"start":{"line":21,"column":35},"end":{"line":21,"column":73}},"13":{"start":{"line":34,"column":35},"end":{"line":34,"column":73}},"14":{"start":{"line":46,"column":0},"end":{"line":46,"column":7}},"15":{"start":{"line":46,"column":8},"end":{"line":46,"column":35}},"16":{"start":{"line":48,"column":13},"end":{"line":83,"column":25}}},"fnMap":{"0":{"name":"Welcome","decl":{"start":{"line":10,"column":23},"end":{"line":10,"column":30}},"loc":{"start":{"line":10,"column":37},"end":{"line":44,"column":1}},"line":10},"1":{"name":"onPress","decl":{"start":{"line":21,"column":24},"end":{"line":21,"column":31}},"loc":{"start":{"line":21,"column":34},"end":{"line":21,"column":74}},"line":21},"2":{"name":"onPress","decl":{"start":{"line":34,"column":24},"end":{"line":34,"column":31}},"loc":{"start":{"line":34,"column":34},"end":{"line":34,"column":74}},"line":34}},"branchMap":{},"s":{"0":1,"1":1,"2":1,"3":1,"4":1,"5":1,"6":1,"7":1,"8":1,"9":1,"10":3,"11":3,"12":1,"13":1,"14":1,"15":1,"16":1},"f":{"0":3,"1":1,"2":1},"b":{},"_coverageSchema":"43e27e138ebf9cfc5966b082cf9a028302ed4184","hash":"2ca9fbfe86e4cdcf7d57b22b9f607bfe7ebefabc"}
}
