TN:
SF:/Users/inclet/Documents/Work/javadevs--reactNative/src/AboutUs/index.js
FN:11,AboutUs
FN:23,onPress
FNF:2
FNH:2
FNDA:2,AboutUs
FNDA:1,onPress
DA:1,1
DA:2,1
DA:3,1
DA:4,1
DA:5,1
DA:9,1
DA:10,1
DA:11,2
DA:12,2
DA:24,1
DA:36,1
DA:74,1
LF:12
LH:12
BRF:0
BRH:0
end_of_record
TN:
SF:/Users/inclet/Documents/Work/javadevs--reactNative/src/Assets/Images/developersd.png
FNF:0
FNH:0
DA:1,1
LF:1
LH:1
BRF:0
BRH:0
end_of_record
TN:
SF:/Users/inclet/Documents/Work/javadevs--reactNative/src/Assets/Images/webdesign.png
FNF:0
FNH:0
DA:1,1
LF:1
LH:1
BRF:0
BRH:0
end_of_record
TN:
SF:/Users/inclet/Documents/Work/javadevs--reactNative/src/Common/Layout/index.js
FN:6,Layout
FN:21,onPress
FN:34,onPress
FN:46,onPress
FNF:4
FNH:4
FNDA:4,Layout
FNDA:1,onPress
FNDA:1,onPress
FNDA:1,onPress
DA:1,3
DA:2,3
DA:3,3
DA:4,3
DA:5,3
DA:6,4
DA:7,4
DA:21,1
DA:34,1
DA:46,1
DA:53,3
DA:62,3
DA:66,3
LF:13
LH:13
BRDA:15,0,0,1
BRDA:15,0,1,3
BRDA:28,1,0,1
BRDA:28,1,1,3
BRDA:40,2,0,1
BRDA:40,2,1,3
BRF:6
BRH:6
end_of_record
TN:
SF:/Users/inclet/Documents/Work/javadevs--reactNative/src/Styles/common.style.js
FNF:0
FNH:0
DA:1,3
DA:3,3
DA:13,3
LF:3
LH:3
BRF:0
BRH:0
end_of_record
TN:
SF:/Users/inclet/Documents/Work/javadevs--reactNative/src/Styles/theme.style.js
FNF:0
FNH:0
DA:1,3
DA:10,3
LF:2
LH:2
BRF:0
BRH:0
end_of_record
TN:
SF:/Users/inclet/Documents/Work/javadevs--reactNative/src/Welcome Screen/index.js
FN:13,Welcome
FN:25,onPress
FNF:2
FNH:2
FNDA:2,Welcome
FNDA:1,onPress
DA:1,1
DA:2,1
DA:3,1
DA:4,1
DA:5,1
DA:6,1
DA:10,1
DA:11,1
DA:13,2
DA:14,2
DA:26,1
DA:34,1
DA:56,1
LF:13
LH:13
BRF:0
BRH:0
end_of_record
