TN:
SF:/Users/inclet/Documents/Work/javadevs--reactNative/src/AboutUs/index.js
FN:12,AboutUs
FNF:1
FNH:1
FNDA:1,AboutUs
DA:1,1
DA:2,1
DA:3,1
DA:4,1
DA:5,1
DA:9,1
DA:10,1
DA:11,1
DA:12,1
DA:13,1
DA:33,1
DA:35,1
LF:12
LH:12
BRF:0
BRH:0
end_of_record
TN:
SF:/Users/inclet/Documents/Work/javadevs--reactNative/src/Assets/Images/Login.png
FNF:0
FNH:0
DA:1,1
LF:1
LH:1
BRF:0
BRH:0
end_of_record
TN:
SF:/Users/inclet/Documents/Work/javadevs--reactNative/src/Assets/Images/developersd.png
FNF:0
FNH:0
DA:1,1
LF:1
LH:1
BRF:0
BRH:0
end_of_record
TN:
SF:/Users/inclet/Documents/Work/javadevs--reactNative/src/Assets/Images/webdesign.png
FNF:0
FNH:0
DA:1,1
LF:1
LH:1
BRF:0
BRH:0
end_of_record
TN:
SF:/Users/inclet/Documents/Work/javadevs--reactNative/src/Auth Screen/index.js
FN:12,AuthScreen
FNF:1
FNH:1
FNDA:1,AuthScreen
DA:1,1
DA:2,1
DA:3,1
DA:7,1
DA:8,1
DA:9,1
DA:10,1
DA:12,1
DA:13,1
DA:35,1
DA:37,1
LF:11
LH:11
BRF:0
BRH:0
end_of_record
TN:
SF:/Users/inclet/Documents/Work/javadevs--reactNative/src/Common/Button/index.js
FN:5,CommonButton
FN:10,onPress
FNF:2
FNH:2
FNDA:3,CommonButton
FNDA:1,onPress
DA:1,3
DA:2,3
DA:3,3
DA:5,3
DA:6,3
DA:11,1
DA:24,3
LF:7
LH:7
BRF:0
BRH:0
end_of_record
TN:
SF:/Users/inclet/Documents/Work/javadevs--reactNative/src/Common/Layout/index.js
FN:6,Layout
FN:21,onPress
FN:34,onPress
FN:46,onPress
FNF:4
FNH:4
FNDA:4,Layout
FNDA:1,onPress
FNDA:1,onPress
FNDA:1,onPress
DA:1,4
DA:2,4
DA:3,4
DA:4,4
DA:5,4
DA:6,4
DA:7,4
DA:21,1
DA:34,1
DA:46,1
DA:53,4
DA:55,4
DA:64,4
LF:13
LH:13
BRDA:15,0,0,1
BRDA:15,0,1,3
BRDA:28,1,0,1
BRDA:28,1,1,3
BRDA:40,2,0,1
BRDA:40,2,1,3
BRF:6
BRH:6
end_of_record
TN:
SF:/Users/inclet/Documents/Work/javadevs--reactNative/src/Styles/common.style.js
FNF:0
FNH:0
DA:1,5
DA:2,5
DA:3,5
DA:5,5
DA:32,5
LF:5
LH:5
BRF:0
BRH:0
end_of_record
TN:
SF:/Users/inclet/Documents/Work/javadevs--reactNative/src/Styles/theme.style.js
FNF:0
FNH:0
DA:1,5
DA:10,5
LF:2
LH:2
BRF:0
BRH:0
end_of_record
TN:
SF:/Users/inclet/Documents/Work/javadevs--reactNative/src/Welcome Screen/index.js
FN:13,Welcome
FN:25,onPress
FNF:2
FNH:2
FNDA:2,Welcome
FNDA:1,onPress
DA:1,1
DA:2,1
DA:3,1
DA:4,1
DA:5,1
DA:6,1
DA:10,1
DA:11,1
DA:13,2
DA:14,2
DA:26,1
DA:34,1
DA:36,1
LF:13
LH:13
BRF:0
BRH:0
end_of_record
